  info.cpp
C:\Users\galstyan.2017\Desktop\My-project\urvs-rgz\Igor\info.cpp(10,3): error C4996: 'sprintf': This function or variable may be unsafe. Consider using sprintf_s instead. To disable deprecation, use _CRT_SECURE_NO_WARNINGS. See online help for details.
C:\Users\galstyan.2017\Desktop\My-project\urvs-rgz\Igor\info.cpp(13,3): error C4996: 'sprintf': This function or variable may be unsafe. Consider using sprintf_s instead. To disable deprecation, use _CRT_SECURE_NO_WARNINGS. See online help for details.
C:\Users\galstyan.2017\Desktop\My-project\urvs-rgz\Igor\info.cpp(16,3): error C4996: 'sprintf': This function or variable may be unsafe. Consider using sprintf_s instead. To disable deprecation, use _CRT_SECURE_NO_WARNINGS. See online help for details.
C:\Users\galstyan.2017\Desktop\My-project\urvs-rgz\Igor\info.cpp(19,3): error C4996: 'sprintf': This function or variable may be unsafe. Consider using sprintf_s instead. To disable deprecation, use _CRT_SECURE_NO_WARNINGS. See online help for details.
C:\Users\galstyan.2017\Desktop\My-project\urvs-rgz\Igor\info.cpp(22,3): error C4996: 'sprintf': This function or variable may be unsafe. Consider using sprintf_s instead. To disable deprecation, use _CRT_SECURE_NO_WARNINGS. See online help for details.
  rgz.cpp
C:\Users\galstyan.2017\Desktop\My-project\urvs-rgz\Igor\rgz.cpp(67,53): error C2664: "BOOL TextOutW(HDC,int,int,LPCWSTR,int)": невозможно преобразовать аргумент 4 из "char [35]" в "LPCWSTR"
C:\Users\galstyan.2017\Desktop\My-project\urvs-rgz\Igor\rgz.cpp(67,33): message : Типы, на которые указывают указатели, не связаны; для преобразования требуется reinterpret_cast, приведение в стиле С или приведение в стиле функции
C:\Program Files (x86)\Windows Kits\10\Include\10.0.19041.0\um\wingdi.h(5101,25): message : см. объявление "TextOutW"
C:\Users\galstyan.2017\Desktop\My-project\urvs-rgz\Igor\rgz.cpp(69,52): error C2664: "BOOL TextOutW(HDC,int,int,LPCWSTR,int)": невозможно преобразовать аргумент 4 из "char [35]" в "LPCWSTR"
C:\Users\galstyan.2017\Desktop\My-project\urvs-rgz\Igor\rgz.cpp(69,34): message : Типы, на которые указывают указатели, не связаны; для преобразования требуется reinterpret_cast, приведение в стиле С или приведение в стиле функции
C:\Program Files (x86)\Windows Kits\10\Include\10.0.19041.0\um\wingdi.h(5101,25): message : см. объявление "TextOutW"
C:\Users\galstyan.2017\Desktop\My-project\urvs-rgz\Igor\rgz.cpp(89,39): error C2440: =: невозможно преобразовать "const char [10]" в "LPCWSTR"
C:\Users\galstyan.2017\Desktop\My-project\urvs-rgz\Igor\rgz.cpp(89,28): message : Типы, на которые указывают указатели, не связаны; для преобразования требуется reinterpret_cast, приведение в стиле С или приведение в стиле функции
C:\Users\galstyan.2017\Desktop\My-project\urvs-rgz\Igor\rgz.cpp(102,1): error C2664: "HWND CreateWindowExW(DWORD,LPCWSTR,LPCWSTR,DWORD,int,int,int,int,HWND,HMENU,HINSTANCE,LPVOID)": невозможно преобразовать аргумент 2 из "const char [10]" в "LPCWSTR"
C:\Users\galstyan.2017\Desktop\My-project\urvs-rgz\Igor\rgz.cpp(102,1): message : Типы, на которые указывают указатели, не связаны; для преобразования требуется reinterpret_cast, приведение в стиле С или приведение в стиле функции
C:\Program Files (x86)\Windows Kits\10\Include\10.0.19041.0\um\winuser.h(4432,1): message : см. объявление "CreateWindowExW"
C:\Users\galstyan.2017\Desktop\My-project\urvs-rgz\Igor\rgz.cpp(118,18): error C2664: "HWND CreateWindowExW(DWORD,LPCWSTR,LPCWSTR,DWORD,int,int,int,int,HWND,HMENU,HINSTANCE,LPVOID)": невозможно преобразовать аргумент 2 из "const char [7]" в "LPCWSTR"
C:\Users\galstyan.2017\Desktop\My-project\urvs-rgz\Igor\rgz.cpp(118,18): message : Типы, на которые указывают указатели, не связаны; для преобразования требуется reinterpret_cast, приведение в стиле С или приведение в стиле функции
C:\Program Files (x86)\Windows Kits\10\Include\10.0.19041.0\um\winuser.h(4432,1): message : см. объявление "CreateWindowExW"
  Создание кода...
